<?xml version="1.0" encoding="UTF-8"?>
<coverage generated="1703124293410" clover="3.2.0">
  <project timestamp="1703124293410" name="All files">
    <metrics statements="22" coveredstatements="22" conditionals="1" coveredconditionals="1" methods="7" coveredmethods="7" elements="30" coveredelements="30" complexity="0" loc="22" ncloc="22" packages="3" files="6" classes="6"/>
    <package name="application.layer">
      <metrics statements="14" coveredstatements="14" conditionals="1" coveredconditionals="1" methods="6" coveredmethods="6"/>
      <file name="create.usecase.ts" path="/Users/duongto/duong-project/clean-architect/src/application/layer/create.usecase.ts">
        <metrics statements="4" coveredstatements="4" conditionals="0" coveredconditionals="0" methods="1" coveredmethods="1"/>
        <line num="2" count="1" type="stmt"/>
        <line num="3" count="1" type="stmt"/>
        <line num="5" count="1" type="stmt"/>
        <line num="6" count="1" type="stmt"/>
      </file>
      <file name="delete.usecase.ts" path="/Users/duongto/duong-project/clean-architect/src/application/layer/delete.usecase.ts">
        <metrics statements="2" coveredstatements="2" conditionals="0" coveredconditionals="0" methods="2" coveredmethods="2"/>
        <line num="4" count="1" type="stmt"/>
        <line num="8" count="6" type="stmt"/>
      </file>
      <file name="sort.usecase.ts" path="/Users/duongto/duong-project/clean-architect/src/application/layer/sort.usecase.ts">
        <metrics statements="3" coveredstatements="3" conditionals="0" coveredconditionals="0" methods="1" coveredmethods="1"/>
        <line num="3" count="1" type="stmt"/>
        <line num="5" count="1" type="stmt"/>
        <line num="10" count="1" type="stmt"/>
      </file>
      <file name="update.usecase.ts" path="/Users/duongto/duong-project/clean-architect/src/application/layer/update.usecase.ts">
        <metrics statements="5" coveredstatements="5" conditionals="1" coveredconditionals="1" methods="2" coveredmethods="2"/>
        <line num="3" count="1" type="stmt"/>
        <line num="8" count="2" type="stmt"/>
        <line num="9" count="6" type="cond" truecount="1" falsecount="0"/>
        <line num="10" count="1" type="stmt"/>
        <line num="18" count="5" type="stmt"/>
      </file>
    </package>
    <package name="infrastructure.data">
      <metrics statements="3" coveredstatements="3" conditionals="0" coveredconditionals="0" methods="0" coveredmethods="0"/>
      <file name="layer.data.ts" path="/Users/duongto/duong-project/clean-architect/src/infrastructure/data/layer.data.ts">
        <metrics statements="3" coveredstatements="3" conditionals="0" coveredconditionals="0" methods="0" coveredmethods="0"/>
        <line num="4" count="4" type="stmt"/>
        <line num="14" count="4" type="stmt"/>
        <line num="16" count="4" type="stmt"/>
      </file>
    </package>
    <package name="presentation.utils">
      <metrics statements="5" coveredstatements="5" conditionals="0" coveredconditionals="0" methods="1" coveredmethods="1"/>
      <file name="reorder.ts" path="/Users/duongto/duong-project/clean-architect/src/presentation/utils/reorder.ts">
        <metrics statements="5" coveredstatements="5" conditionals="0" coveredconditionals="0" methods="1" coveredmethods="1"/>
        <line num="1" count="1" type="stmt"/>
        <line num="2" count="1" type="stmt"/>
        <line num="3" count="1" type="stmt"/>
        <line num="4" count="1" type="stmt"/>
        <line num="5" count="1" type="stmt"/>
      </file>
    </package>
  </project>
</coverage>
