{"/Users/duongto/duong-project/clean-architect/src/application/layer/create.usecase.ts": {"path":"/Users/duongto/duong-project/clean-architect/src/application/layer/create.usecase.ts","statementMap":{"0":{"start":{"line":2,"column":0},"end":{"line":2,"column":67}},"1":{"start":{"line":3,"column":0},"end":{"line":3,"column":25}},"2":{"start":{"line":5,"column":71},"end":{"line":10,"column":1}},"3":{"start":{"line":6,"column":2},"end":{"line":9,"column":null}},"4":{"start":{"line":5,"column":13},"end":{"line":5,"column":71}}},"fnMap":{"0":{"name":"(anonymous_0)","decl":{"start":{"line":5,"column":71},"end":{"line":5,"column":74}},"loc":{"start":{"line":5,"column":76},"end":{"line":10,"column":1}}}},"branchMap":{},"s":{"0":1,"1":1,"2":1,"3":1,"4":1},"f":{"0":1},"b":{}}
,"/Users/duongto/duong-project/clean-architect/src/application/layer/delete.usecase.ts": {"path":"/Users/duongto/duong-project/clean-architect/src/application/layer/delete.usecase.ts","statementMap":{"0":{"start":{"line":4,"column":71},"end":{"line":9,"column":1}},"1":{"start":{"line":8,"column":2},"end":{"line":8,"column":null}},"2":{"start":{"line":8,"column":34},"end":{"line":8,"column":49}},"3":{"start":{"line":4,"column":13},"end":{"line":4,"column":71}}},"fnMap":{"0":{"name":"(anonymous_0)","decl":{"start":{"line":4,"column":71},"end":{"line":4,"column":null}},"loc":{"start":{"line":7,"column":4},"end":{"line":9,"column":1}}},"1":{"name":"(anonymous_1)","decl":{"start":{"line":8,"column":23},"end":{"line":8,"column":24}},"loc":{"start":{"line":8,"column":34},"end":{"line":8,"column":49}}}},"branchMap":{},"s":{"0":1,"1":2,"2":6,"3":1},"f":{"0":2,"1":6},"b":{}}
,"/Users/duongto/duong-project/clean-architect/src/application/layer/sort.usecase.ts": {"path":"/Users/duongto/duong-project/clean-architect/src/application/layer/sort.usecase.ts","statementMap":{"0":{"start":{"line":3,"column":0},"end":{"line":3,"column":54}},"1":{"start":{"line":5,"column":68},"end":{"line":11,"column":1}},"2":{"start":{"line":10,"column":2},"end":{"line":10,"column":null}},"3":{"start":{"line":5,"column":13},"end":{"line":5,"column":68}}},"fnMap":{"0":{"name":"(anonymous_0)","decl":{"start":{"line":5,"column":68},"end":{"line":5,"column":null}},"loc":{"start":{"line":9,"column":4},"end":{"line":11,"column":1}}}},"branchMap":{},"s":{"0":1,"1":1,"2":1,"3":1},"f":{"0":1},"b":{}}
,"/Users/duongto/duong-project/clean-architect/src/application/layer/update.usecase.ts": {"path":"/Users/duongto/duong-project/clean-architect/src/application/layer/update.usecase.ts","statementMap":{"0":{"start":{"line":3,"column":71},"end":{"line":20,"column":1}},"1":{"start":{"line":8,"column":2},"end":{"line":19,"column":null}},"2":{"start":{"line":9,"column":4},"end":{"line":17,"column":5}},"3":{"start":{"line":10,"column":6},"end":{"line":16,"column":null}},"4":{"start":{"line":18,"column":4},"end":{"line":18,"column":null}},"5":{"start":{"line":3,"column":13},"end":{"line":3,"column":71}}},"fnMap":{"0":{"name":"(anonymous_0)","decl":{"start":{"line":3,"column":71},"end":{"line":3,"column":null}},"loc":{"start":{"line":7,"column":4},"end":{"line":20,"column":1}}},"1":{"name":"(anonymous_1)","decl":{"start":{"line":8,"column":20},"end":{"line":8,"column":21}},"loc":{"start":{"line":8,"column":30},"end":{"line":19,"column":3}}}},"branchMap":{"0":{"loc":{"start":{"line":9,"column":4},"end":{"line":17,"column":5}},"type":"if","locations":[{"start":{"line":9,"column":4},"end":{"line":17,"column":5}}]}},"s":{"0":1,"1":2,"2":6,"3":1,"4":5,"5":1},"f":{"0":2,"1":6},"b":{"0":[1]}}
,"/Users/duongto/duong-project/clean-architect/src/infrastructure/data/layer.data.ts": {"path":"/Users/duongto/duong-project/clean-architect/src/infrastructure/data/layer.data.ts","statementMap":{"0":{"start":{"line":4,"column":42},"end":{"line":11,"column":null}},"1":{"start":{"line":14,"column":13},"end":{"line":14,"column":null}},"2":{"start":{"line":16,"column":13},"end":{"line":20,"column":null}}},"fnMap":{},"branchMap":{},"s":{"0":4,"1":4,"2":4},"f":{},"b":{}}
,"/Users/duongto/duong-project/clean-architect/src/presentation/utils/reorder.ts": {"path":"/Users/duongto/duong-project/clean-architect/src/presentation/utils/reorder.ts","statementMap":{"0":{"start":{"line":1,"column":23},"end":{"line":6,"column":1}},"1":{"start":{"line":2,"column":17},"end":{"line":2,"column":33}},"2":{"start":{"line":3,"column":20},"end":{"line":3,"column":48}},"3":{"start":{"line":4,"column":2},"end":{"line":4,"column":null}},"4":{"start":{"line":5,"column":2},"end":{"line":5,"column":null}},"5":{"start":{"line":1,"column":13},"end":{"line":1,"column":23}}},"fnMap":{"0":{"name":"(anonymous_0)","decl":{"start":{"line":1,"column":23},"end":{"line":1,"column":27}},"loc":{"start":{"line":1,"column":78},"end":{"line":6,"column":1}}}},"branchMap":{},"s":{"0":1,"1":1,"2":1,"3":1,"4":1,"5":1},"f":{"0":1},"b":{}}
}
